<?xml version="1.0" encoding="UTF-8"?>
<!-- Generated by org.testng.reporters.JUnitXMLReporter -->
<testsuite ignored="0" hostname="reserv-c97" failures="1" tests="1" name="Command line test" time="8.669" errors="0" timestamp="2021-06-07T18:16:11 ART">
  <testcase classname="test.SearchTest" name="testSearchWithResults" time="8.617">
    <failure type="java.lang.AssertionError" message="Expected to contain T-SHIRTS but not found expected [true] but found [false]">
      <![CDATA[java.lang.AssertionError: Expected to contain T-SHIRTS but not found expected [true] but found [false]
at test.SearchTest.testSearchWithResults(SearchTest.java:40)
at java.base/java.util.ArrayList.forEach(ArrayList.java:1511)
... Removed 39 stack frames]]>
    </failure>
  </testcase> <!-- testSearchWithResults -->
</testsuite> <!-- Command line test -->
